<?xml version="1.0" encoding="UTF-8"?>
<!-- Generated by org.testng.reporters.JUnitXMLReporter -->
<testsuite ignored="4" hostname="TYSS-Tanuja-N-Sonawale" failures="0" tests="2" name="Test" time="26.33" errors="0" timestamp="2024-11-14T13:27:45 IST">
  <testcase classname="baseUtility.BaseTest" name="@AfterMethod itsAfterMethod" time="12.617">
    <failure type="org.openqa.selenium.ElementNotInteractableException" message="element not interactable
  (Session info: chrome=130.0.6723.117)
Build info: version: &amp;apos;4.18.1&amp;apos;, revision: &amp;apos;b1d3319b48&amp;apos;
System info: os.name: &amp;apos;Windows 11&amp;apos;, os.arch: &amp;apos;amd64&amp;apos;, os.version: &amp;apos;10.0&amp;apos;, java.version: &amp;apos;22.0.1&amp;apos;
Driver info: org.openqa.selenium.chrome.ChromeDriver
Command: [cd925327c7f07d637fcdbbc5703251c8, clickElement {id=f.ABA0E32685DDFA9CDAAB0CFF8F7694EE.d.58DABE49B39F02CC68B0610EAB146E9F.e.538}]
Capabilities {acceptInsecureCerts: false, browserName: chrome, browserVersion: 130.0.6723.117, chrome: {chromedriverVersion: 130.0.6723.116 (6ac35f94ae3..., userDataDir: C:\Users\User\AppData\Local...}, fedcm:accounts: true, goog:chromeOptions: {debuggerAddress: localhost:57630}, networkConnectionEnabled: false, pageLoadStrategy: normal, platformName: windows, proxy: Proxy(), se:cdp: ws://localhost:57630/devtoo..., se:cdpVersion: 130.0.6723.117, setWindowRect: true, strictFileInteractability: false, timeouts: {implicit: 0, pageLoad: 300000, script: 30000}, unhandledPromptBehavior: dismiss and notify, webauthn:extension:credBlob: true, webauthn:extension:largeBlob: true, webauthn:extension:minPinLength: true, webauthn:extension:prf: true, webauthn:virtualAuthenticators: true}
Element: [[ChromeDriver: chrome on windows (cd925327c7f07d637fcdbbc5703251c8)] -&amp;gt; link text: Sign Out]
Session ID: cd925327c7f07d637fcdbbc5703251c8">
      <![CDATA[org.openqa.selenium.ElementNotInteractableException: element not interactable
  (Session info: chrome=130.0.6723.117)
Build info: version: '4.18.1', revision: 'b1d3319b48'
System info: os.name: 'Windows 11', os.arch: 'amd64', os.version: '10.0', java.version: '22.0.1'
Driver info: org.openqa.selenium.chrome.ChromeDriver
Command: [cd925327c7f07d637fcdbbc5703251c8, clickElement {id=f.ABA0E32685DDFA9CDAAB0CFF8F7694EE.d.58DABE49B39F02CC68B0610EAB146E9F.e.538}]
Capabilities {acceptInsecureCerts: false, browserName: chrome, browserVersion: 130.0.6723.117, chrome: {chromedriverVersion: 130.0.6723.116 (6ac35f94ae3..., userDataDir: C:\Users\User\AppData\Local...}, fedcm:accounts: true, goog:chromeOptions: {debuggerAddress: localhost:57630}, networkConnectionEnabled: false, pageLoadStrategy: normal, platformName: windows, proxy: Proxy(), se:cdp: ws://localhost:57630/devtoo..., se:cdpVersion: 130.0.6723.117, setWindowRect: true, strictFileInteractability: false, timeouts: {implicit: 0, pageLoad: 300000, script: 30000}, unhandledPromptBehavior: dismiss and notify, webauthn:extension:credBlob: true, webauthn:extension:largeBlob: true, webauthn:extension:minPinLength: true, webauthn:extension:prf: true, webauthn:virtualAuthenticators: true}
Element: [[ChromeDriver: chrome on windows (cd925327c7f07d637fcdbbc5703251c8)] -> link text: Sign Out]
Session ID: cd925327c7f07d637fcdbbc5703251c8
at org.openqa.selenium.remote.ErrorCodec.decode(ErrorCodec.java:167)
at org.openqa.selenium.remote.codec.w3c.W3CHttpResponseCodec.decode(W3CHttpResponseCodec.java:138)
at org.openqa.selenium.remote.codec.w3c.W3CHttpResponseCodec.decode(W3CHttpResponseCodec.java:50)
at org.openqa.selenium.remote.HttpCommandExecutor.execute(HttpCommandExecutor.java:190)
at org.openqa.selenium.remote.service.DriverCommandExecutor.invokeExecute(DriverCommandExecutor.java:216)
at org.openqa.selenium.remote.service.DriverCommandExecutor.execute(DriverCommandExecutor.java:174)
at org.openqa.selenium.remote.RemoteWebDriver.execute(RemoteWebDriver.java:519)
at org.openqa.selenium.remote.RemoteWebElement.execute(RemoteWebElement.java:223)
at org.openqa.selenium.remote.RemoteWebElement.click(RemoteWebElement.java:76)
at baseUtility.BaseTest.itsAfterMethod(BaseTest.java:61)
at java.base/java.util.ArrayList.forEach(ArrayList.java:1597)
... Removed 33 stack frames]]>
    </failure>
  </testcase> <!-- @AfterMethod itsAfterMethod -->
  <testcase classname="baseUtility.BaseTest" name="@AfterClass itsAfterClass" time="0.0">
    <skipped/>
  </testcase> <!-- @AfterClass itsAfterClass -->
  <testcase classname="testCases.SimpleTestCase_Test" name="show_Test" time="0.037"/>
  <testcase classname="testCases.TC01_CreateOrganization_Test" name="creatingOrg_Test" time="3.997"/>
  <testcase classname="baseUtility.BaseTest" name="@BeforeSuite itsBeforeSuite" time="0.0">
    <ignored/>
  </testcase> <!-- @BeforeSuite itsBeforeSuite -->
  <testcase classname="testCases.SimpleTestCase_Test" name="show1_Test" time="0.0">
    <ignored/>
  </testcase> <!-- show1_Test -->
  <testcase classname="testCases.SimpleTestCase_Test" name="show2_Test" time="0.0">
    <ignored/>
  </testcase> <!-- show2_Test -->
  <testcase classname="baseUtility.BaseTest" name="@AfterSuite itsAfterSuite" time="0.0">
    <ignored/>
  </testcase> <!-- @AfterSuite itsAfterSuite -->
</testsuite> <!-- Test -->
